+ . ./conf.sh
++ ROOT=/home/hadoop/lu/kpi
++ CONF=/home/hadoop/lu/kpi/conf
++ OUTPUT=/home/hadoop/lu/kpi/output
++ DATA=/home/hadoop/lu/kpi/data
++ LOG=/home/hadoop/lu/kpi/log
+++ cat /home/hadoop/lu/kpi/conf/hadoop.conf
+++ grep HADOOP_ROOT
+++ awk -F= '{print $2}'
++ HADOOP_ROOT=
++ HADOOP_OUTPUT=/tmp
+++ cat /home/hadoop/lu/kpi/conf/hadoop.conf
+++ grep HADOOP_JOB_NAME
+++ awk -F= '{print $2}'
++ HADOOP_JOB_NAME=kpi
+++ grep HADOOP_HOME
+++ awk -F= '{print $2}'
+++ cat /home/hadoop/lu/kpi/conf/hadoop.conf
++ HADOOP_HOME=/home/hadoop/hadoop-2.2.0
+++ cat /home/hadoop/lu/kpi/conf/hadoop.conf
+++ grep HADOOP_BIN
+++ awk -F= '{print $2}'
++ HADOOP_BIN=/home/hadoop/hadoop-2.2.0/bin/hadoop
+++ cat /home/hadoop/lu/kpi/conf/hadoop.conf
+++ grep HADOOP_STREAMING
+++ awk -F= '{print $2}'
++ HADOOP_STREAMING=/home/hadoop/hadoop-2.2.0/share/hadoop/tools/lib/hadoop-streaming-2.2.0.jar
+++ cat /home/hadoop/lu/kpi/conf/hadoop.conf
+++ grep PIG_BIN
+++ awk -F= '{print $2}'
++ PIG_BIN=/home/hadoop/lu/pig-0.10.1/bin/pig
+++ cat /home/hadoop/lu/kpi/conf/hadoop.conf
+++ grep PYTHON_BIN
+++ awk -F= '{print $2}'
++ PYTHON_BIN=/usr/local/bin/python3
+++ grep RED_NUM
+++ cat /home/hadoop/lu/kpi/conf/hadoop.conf /home/hadoop/lu/kpi/conf/local.conf
+++ awk -F= '{print $2}'
++ RED_NUM=10
+++ grep LOCAL_LIB_DIR
+++ cat /home/hadoop/lu/kpi/conf/hadoop.conf /home/hadoop/lu/kpi/conf/local.conf
+++ awk -F= '{print $2}'
++ LIB_DIR='/home/user/hadoop/kpi/lib
/home/hduser/pipeline/lib'
+ '[' 0 -eq 1 ']'
++ date -d yesterday +%Y%m%d
+ date=20140309
+ /home/hadoop/hadoop-2.2.0/bin/hadoop fs -put /home/hadoop/lu/kpi/data/train/train.txt /log/20140309
put: `/log/20140309/train.txt': File exists
+ nohup sh start_up_d.sh 20140309
